# JRE version: OpenJDK Runtime Environment (11.0.10) (build 11.0.10+0-b96-7249189)
# Java VM: OpenJDK 64-Bit Server VM (11.0.10+0-b96-7249189, mixed mode, tiered, compressed oops, g1 gc, windows-amd64)
Heap:
 garbage-first heap   total 155648K, used 110592K [0x0000000080000000, 0x0000000100000000)
  region size 1024K, 56 young (57344K), 4 survivors (4096K)
 Metaspace       used 75699K, capacity 77492K, committed 77644K, reserved 1116160K
  class space    used 9873K, capacity 10502K, committed 10572K, reserved 1048576K
GC Heap History (20 events):
Event: 5.571 GC heap before
{Heap before GC invocations=5 (full 0):
 garbage-first heap   total 129024K, used 75685K [0x0000000080000000, 0x0000000100000000)
  region size 1024K, 59 young (60416K), 3 survivors (3072K)
 Metaspace       used 34608K, capacity 35478K, committed 35584K, reserved 1079296K
  class space    used 4520K, capacity 4832K, committed 4864K, reserved 1048576K
}
Event: 5.577 GC heap after
{Heap after GC invocations=6 (full 0):
 garbage-first heap   total 129024K, used 21832K [0x0000000080000000, 0x0000000100000000)
  region size 1024K, 6 young (6144K), 6 survivors (6144K)
 Metaspace       used 34608K, capacity 35478K, committed 35584K, reserved 1079296K
  class space    used 4520K, capacity 4832K, committed 4864K, reserved 1048576K
}
Event: 5.639 GC heap before
{Heap before GC invocations=6 (full 0):
 garbage-first heap   total 129024K, used 21832K [0x0000000080000000, 0x0000000100000000)
  region size 1024K, 8 young (8192K), 6 survivors (6144K)
 Metaspace       used 35022K, capacity 35830K, committed 35840K, reserved 1081344K
  class space    used 4540K, capacity 4864K, committed 4864K, reserved 1048576K
}
Event: 5.654 GC heap after
{Heap after GC invocations=7 (full 0):
 garbage-first heap   total 129024K, used 22172K [0x0000000080000000, 0x0000000100000000)
  region size 1024K, 4 young (4096K), 4 survivors (4096K)
 Metaspace       used 35022K, capacity 35830K, committed 35840K, reserved 1081344K
  class space    used 4540K, capacity 4864K, committed 4864K, reserved 1048576K
}
Event: 6.635 GC heap before
{Heap before GC invocations=8 (full 0):
 garbage-first heap   total 129024K, used 72348K [0x0000000080000000, 0x0000000100000000)
  region size 1024K, 51 young (52224K), 4 survivors (4096K)
 Metaspace       used 38609K, capacity 39567K, committed 39884K, reserved 1083392K
  class space    used 4926K, capacity 5251K, committed 5324K, reserved 1048576K
}
Event: 6.644 GC heap after
{Heap after GC invocations=9 (full 0):
 garbage-first heap   total 129024K, used 26067K [0x0000000080000000, 0x0000000100000000)
  region size 1024K, 7 young (7168K), 7 survivors (7168K)
 Metaspace       used 38609K, capacity 39567K, committed 39884K, reserved 1083392K
  class space    used 4926K, capacity 5251K, committed 5324K, reserved 1048576K
}
Event: 7.322 GC heap before
{Heap before GC invocations=9 (full 0):
 garbage-first heap   total 129024K, used 76243K [0x0000000080000000, 0x0000000100000000)
  region size 1024K, 56 young (57344K), 7 survivors (7168K)
 Metaspace       used 43043K, capacity 44085K, committed 44364K, reserved 1087488K
  class space    used 5494K, capacity 5855K, committed 5964K, reserved 1048576K
}
Event: 7.331 GC heap after
{Heap after GC invocations=10 (full 0):
 garbage-first heap   total 129024K, used 28372K [0x0000000080000000, 0x0000000100000000)
  region size 1024K, 6 young (6144K), 6 survivors (6144K)
 Metaspace       used 43043K, capacity 44085K, committed 44364K, reserved 1087488K
  class space    used 5494K, capacity 5855K, committed 5964K, reserved 1048576K
}
Event: 8.417 GC heap before
{Heap before GC invocations=10 (full 0):
 garbage-first heap   total 129024K, used 80596K [0x0000000080000000, 0x0000000100000000)
  region size 1024K, 57 young (58368K), 6 survivors (6144K)
 Metaspace       used 46646K, capacity 47869K, committed 47948K, reserved 1091584K
  class space    used 5980K, capacity 6435K, committed 6476K, reserved 1048576K
}
Event: 8.428 GC heap after
{Heap after GC invocations=11 (full 0):
 garbage-first heap   total 129024K, used 30874K [0x0000000080000000, 0x0000000100000000)
  region size 1024K, 5 young (5120K), 5 survivors (5120K)
 Metaspace       used 46646K, capacity 47869K, committed 47948K, reserved 1091584K
  class space    used 5980K, capacity 6435K, committed 6476K, reserved 1048576K
}
Event: 9.785 GC heap before
{Heap before GC invocations=11 (full 0):
 garbage-first heap   total 129024K, used 88218K [0x0000000080000000, 0x0000000100000000)
  region size 1024K, 57 young (58368K), 5 survivors (5120K)
 Metaspace       used 50873K, capacity 52241K, committed 52300K, reserved 1095680K
  class space    used 6497K, capacity 6954K, committed 6988K, reserved 1048576K
}
Event: 9.793 GC heap after
{Heap after GC invocations=12 (full 0):
 garbage-first heap   total 155648K, used 42066K [0x0000000080000000, 0x0000000100000000)
  region size 1024K, 8 young (8192K), 8 survivors (8192K)
 Metaspace       used 50873K, capacity 52241K, committed 52300K, reserved 1095680K
  class space    used 6497K, capacity 6954K, committed 6988K, reserved 1048576K
}
Event: 11.110 GC heap before
{Heap before GC invocations=12 (full 0):
 garbage-first heap   total 155648K, used 89170K [0x0000000080000000, 0x0000000100000000)
  region size 1024K, 55 young (56320K), 8 survivors (8192K)
 Metaspace       used 58669K, capacity 60212K, committed 60236K, reserved 1101824K
  class space    used 7446K, capacity 7989K, committed 8012K, reserved 1048576K
}
Event: 11.130 GC heap after
{Heap after GC invocations=13 (full 0):
 garbage-first heap   total 155648K, used 45813K [0x0000000080000000, 0x0000000100000000)
  region size 1024K, 4 young (4096K), 4 survivors (4096K)
 Metaspace       used 58669K, capacity 60212K, committed 60236K, reserved 1101824K
  class space    used 7446K, capacity 7989K, committed 8012K, reserved 1048576K
}
Event: 12.465 GC heap before
{Heap before GC invocations=14 (full 0):
 garbage-first heap   total 155648K, used 103157K [0x0000000080000000, 0x0000000100000000)
  region size 1024K, 60 young (61440K), 4 survivors (4096K)
 Metaspace       used 63117K, capacity 64678K, committed 64972K, reserved 1105920K
  class space    used 8020K, capacity 8566K, committed 8652K, reserved 1048576K
}
Event: 12.473 GC heap after
{Heap after GC invocations=15 (full 0):
 garbage-first heap   total 155648K, used 49578K [0x0000000080000000, 0x0000000100000000)
  region size 1024K, 7 young (7168K), 7 survivors (7168K)
 Metaspace       used 63117K, capacity 64678K, committed 64972K, reserved 1105920K
  class space    used 8020K, capacity 8566K, committed 8652K, reserved 1048576K
}
Event: 15.112 GC heap before
{Heap before GC invocations=16 (full 0):
 garbage-first heap   total 155648K, used 107946K [0x0000000080000000, 0x0000000100000000)
  region size 1024K, 64 young (65536K), 7 survivors (7168K)
 Metaspace       used 67228K, capacity 68829K, committed 68940K, reserved 1110016K
  class space    used 8704K, capacity 9265K, committed 9292K, reserved 1048576K
}
Event: 15.122 GC heap after
{Heap after GC invocations=17 (full 0):
 garbage-first heap   total 155648K, used 54426K [0x0000000080000000, 0x0000000100000000)
  region size 1024K, 5 young (5120K), 5 survivors (5120K)
 Metaspace       used 67228K, capacity 68829K, committed 68940K, reserved 1110016K
  class space    used 8704K, capacity 9265K, committed 9292K, reserved 1048576K
}
Event: 16.102 GC heap before
{Heap before GC invocations=17 (full 0):
 garbage-first heap   total 155648K, used 111770K [0x0000000080000000, 0x0000000100000000)
  region size 1024K, 61 young (62464K), 5 survivors (5120K)
 Metaspace       used 69817K, capacity 71522K, committed 71756K, reserved 1112064K
  class space    used 9066K, capacity 9684K, committed 9804K, reserved 1048576K
}
Event: 16.111 GC heap after
{Heap after GC invocations=18 (full 0):
 garbage-first heap   total 155648K, used 58368K [0x0000000080000000, 0x0000000100000000)
  region size 1024K, 4 young (4096K), 4 survivors (4096K)
 Metaspace       used 69817K, capacity 71522K, committed 71756K, reserved 1112064K
  class space    used 9066K, capacity 9684K, committed 9804K, reserved 1048576K
}

