# JRE version: OpenJDK Runtime Environment (11.0.10) (build 11.0.10+0-b96-7249189)
# Java VM: OpenJDK 64-Bit Server VM (11.0.10+0-b96-7249189, mixed mode, tiered, compressed oops, g1 gc, windows-amd64)
Heap:
 garbage-first heap   total 225280K, used 144210K [0x0000000080000000, 0x0000000100000000)
  region size 1024K, 10 young (10240K), 7 survivors (7168K)
 Metaspace       used 131921K, capacity 135349K, committed 135552K, reserved 1167360K
  class space    used 16943K, capacity 18290K, committed 18304K, reserved 1048576K
GC Heap History (20 events):
Event: 4531.837 GC heap before
{Heap before GC invocations=46 (full 0):
 garbage-first heap   total 187392K, used 152133K [0x0000000080000000, 0x0000000100000000)
  region size 1024K, 27 young (27648K), 1 survivors (1024K)
 Metaspace       used 113824K, capacity 116422K, committed 117504K, reserved 1150976K
  class space    used 14467K, capacity 15440K, committed 15872K, reserved 1048576K
}
Event: 4531.840 GC heap after
{Heap after GC invocations=47 (full 0):
 garbage-first heap   total 187392K, used 126870K [0x0000000080000000, 0x0000000100000000)
  region size 1024K, 2 young (2048K), 2 survivors (2048K)
 Metaspace       used 113824K, capacity 116422K, committed 117504K, reserved 1150976K
  class space    used 14467K, capacity 15440K, committed 15872K, reserved 1048576K
}
Event: 4532.072 GC heap before
{Heap before GC invocations=48 (full 0):
 garbage-first heap   total 187392K, used 152470K [0x0000000080000000, 0x0000000100000000)
  region size 1024K, 29 young (29696K), 2 survivors (2048K)
 Metaspace       used 115199K, capacity 117823K, committed 118912K, reserved 1153024K
  class space    used 14631K, capacity 15606K, committed 16000K, reserved 1048576K
}
Event: 4532.078 GC heap after
{Heap after GC invocations=49 (full 0):
 garbage-first heap   total 187392K, used 128143K [0x0000000080000000, 0x0000000100000000)
  region size 1024K, 4 young (4096K), 4 survivors (4096K)
 Metaspace       used 115199K, capacity 117823K, committed 118912K, reserved 1153024K
  class space    used 14631K, capacity 15606K, committed 16000K, reserved 1048576K
}
Event: 4532.102 GC heap before
{Heap before GC invocations=49 (full 0):
 garbage-first heap   total 187392K, used 132239K [0x0000000080000000, 0x0000000100000000)
  region size 1024K, 9 young (9216K), 4 survivors (4096K)
 Metaspace       used 115207K, capacity 117824K, committed 118912K, reserved 1153024K
  class space    used 14631K, capacity 15606K, committed 16000K, reserved 1048576K
}
Event: 4532.114 GC heap after
{Heap after GC invocations=50 (full 0):
 garbage-first heap   total 187392K, used 116495K [0x0000000080000000, 0x0000000100000000)
  region size 1024K, 1 young (1024K), 1 survivors (1024K)
 Metaspace       used 115207K, capacity 117824K, committed 118912K, reserved 1153024K
  class space    used 14631K, capacity 15606K, committed 16000K, reserved 1048576K
}
Event: 4532.157 GC heap before
{Heap before GC invocations=50 (full 0):
 garbage-first heap   total 187392K, used 123663K [0x0000000080000000, 0x0000000100000000)
  region size 1024K, 9 young (9216K), 1 survivors (1024K)
 Metaspace       used 115235K, capacity 117824K, committed 118912K, reserved 1153024K
  class space    used 14633K, capacity 15606K, committed 16000K, reserved 1048576K
}
Event: 4532.163 GC heap after
{Heap after GC invocations=51 (full 0):
 garbage-first heap   total 187392K, used 116279K [0x0000000080000000, 0x0000000100000000)
  region size 1024K, 1 young (1024K), 1 survivors (1024K)
 Metaspace       used 115235K, capacity 117824K, committed 118912K, reserved 1153024K
  class space    used 14633K, capacity 15606K, committed 16000K, reserved 1048576K
}
Event: 4532.341 GC heap before
{Heap before GC invocations=51 (full 0):
 garbage-first heap   total 187392K, used 148023K [0x0000000080000000, 0x0000000100000000)
  region size 1024K, 33 young (33792K), 1 survivors (1024K)
 Metaspace       used 115391K, capacity 117982K, committed 118912K, reserved 1153024K
  class space    used 14643K, capacity 15611K, committed 16000K, reserved 1048576K
}
Event: 4532.344 GC heap after
{Heap after GC invocations=52 (full 0):
 garbage-first heap   total 187392K, used 117693K [0x0000000080000000, 0x0000000100000000)
  region size 1024K, 3 young (3072K), 3 survivors (3072K)
 Metaspace       used 115391K, capacity 117982K, committed 118912K, reserved 1153024K
  class space    used 14643K, capacity 15611K, committed 16000K, reserved 1048576K
}
Event: 4532.543 GC heap before
{Heap before GC invocations=52 (full 0):
 garbage-first heap   total 187392K, used 150461K [0x0000000080000000, 0x0000000100000000)
  region size 1024K, 36 young (36864K), 3 survivors (3072K)
 Metaspace       used 115483K, capacity 118061K, committed 118912K, reserved 1153024K
  class space    used 14650K, capacity 15615K, committed 16000K, reserved 1048576K
}
Event: 4532.548 GC heap after
{Heap after GC invocations=53 (full 0):
 garbage-first heap   total 225280K, used 119794K [0x0000000080000000, 0x0000000100000000)
  region size 1024K, 5 young (5120K), 5 survivors (5120K)
 Metaspace       used 115483K, capacity 118061K, committed 118912K, reserved 1153024K
  class space    used 14650K, capacity 15615K, committed 16000K, reserved 1048576K
}
Event: 4535.019 GC heap before
{Heap before GC invocations=53 (full 0):
 garbage-first heap   total 225280K, used 172018K [0x0000000080000000, 0x0000000100000000)
  region size 1024K, 57 young (58368K), 5 survivors (5120K)
 Metaspace       used 116936K, capacity 119606K, committed 120320K, reserved 1153024K
  class space    used 14801K, capacity 15775K, committed 16128K, reserved 1048576K
}
Event: 4535.025 GC heap after
{Heap after GC invocations=54 (full 0):
 garbage-first heap   total 225280K, used 125072K [0x0000000080000000, 0x0000000100000000)
  region size 1024K, 8 young (8192K), 8 survivors (8192K)
 Metaspace       used 116936K, capacity 119606K, committed 120320K, reserved 1153024K
  class space    used 14801K, capacity 15775K, committed 16128K, reserved 1048576K
}
Event: 4535.385 GC heap before
{Heap before GC invocations=54 (full 0):
 garbage-first heap   total 225280K, used 176271K [0x0000000080000000, 0x0000000100000000)
  region size 1024K, 59 young (60416K), 8 survivors (8192K)
 Metaspace       used 117995K, capacity 120697K, committed 121472K, reserved 1155072K
  class space    used 14938K, capacity 15946K, committed 16256K, reserved 1048576K
}
Event: 4535.394 GC heap after
{Heap after GC invocations=55 (full 0):
 garbage-first heap   total 225280K, used 128532K [0x0000000080000000, 0x0000000100000000)
  region size 1024K, 5 young (5120K), 5 survivors (5120K)
 Metaspace       used 117995K, capacity 120697K, committed 121472K, reserved 1155072K
  class space    used 14938K, capacity 15946K, committed 16256K, reserved 1048576K
}
Event: 4536.137 GC heap before
{Heap before GC invocations=55 (full 0):
 garbage-first heap   total 225280K, used 180756K [0x0000000080000000, 0x0000000100000000)
  region size 1024K, 55 young (56320K), 5 survivors (5120K)
 Metaspace       used 124109K, capacity 126901K, committed 127360K, reserved 1159168K
  class space    used 15714K, capacity 16736K, committed 17024K, reserved 1048576K
}
Event: 4536.143 GC heap after
{Heap after GC invocations=56 (full 0):
 garbage-first heap   total 225280K, used 134774K [0x0000000080000000, 0x0000000100000000)
  region size 1024K, 5 young (5120K), 5 survivors (5120K)
 Metaspace       used 124109K, capacity 126901K, committed 127360K, reserved 1159168K
  class space    used 15714K, capacity 16736K, committed 17024K, reserved 1048576K
}
Event: 4540.660 GC heap before
{Heap before GC invocations=56 (full 0):
 garbage-first heap   total 225280K, used 185974K [0x0000000080000000, 0x0000000100000000)
  region size 1024K, 52 young (53248K), 5 survivors (5120K)
 Metaspace       used 126477K, capacity 129347K, committed 129536K, reserved 1161216K
  class space    used 15971K, capacity 17060K, committed 17152K, reserved 1048576K
}
Event: 4540.666 GC heap after
{Heap after GC invocations=57 (full 0):
 garbage-first heap   total 225280K, used 133827K [0x0000000080000000, 0x0000000100000000)
  region size 1024K, 2 young (2048K), 2 survivors (2048K)
 Metaspace       used 126477K, capacity 129347K, committed 129536K, reserved 1161216K
  class space    used 15971K, capacity 17060K, committed 17152K, reserved 1048576K
}

