# JRE version: OpenJDK Runtime Environment (11.0.10) (build 11.0.10+0-b96-7249189)
# Java VM: OpenJDK 64-Bit Server VM (11.0.10+0-b96-7249189, mixed mode, tiered, compressed oops, g1 gc, windows-amd64)
Heap:
 garbage-first heap   total 187392K, used 63018K [0x0000000080000000, 0x0000000100000000)
  region size 1024K, 5 young (5120K), 5 survivors (5120K)
 Metaspace       used 76335K, capacity 78135K, committed 78284K, reserved 1116160K
  class space    used 9962K, capacity 10609K, committed 10700K, reserved 1048576K
GC Heap History (20 events):
Event: 5.072 GC heap after
{Heap after GC invocations=7 (full 0):
 garbage-first heap   total 129024K, used 20970K [0x0000000080000000, 0x0000000100000000)
  region size 1024K, 5 young (5120K), 5 survivors (5120K)
 Metaspace       used 32439K, capacity 33274K, committed 33536K, reserved 1079296K
  class space    used 4232K, capacity 4544K, committed 4608K, reserved 1048576K
}
Event: 5.350 GC heap before
{Heap before GC invocations=7 (full 0):
 garbage-first heap   total 129024K, used 27114K [0x0000000080000000, 0x0000000100000000)
  region size 1024K, 13 young (13312K), 5 survivors (5120K)
 Metaspace       used 35020K, capacity 35830K, committed 35840K, reserved 1081344K
  class space    used 4539K, capacity 4864K, committed 4864K, reserved 1048576K
}
Event: 5.364 GC heap after
{Heap after GC invocations=8 (full 0):
 garbage-first heap   total 129024K, used 22167K [0x0000000080000000, 0x0000000100000000)
  region size 1024K, 4 young (4096K), 4 survivors (4096K)
 Metaspace       used 35020K, capacity 35830K, committed 35840K, reserved 1081344K
  class space    used 4539K, capacity 4864K, committed 4864K, reserved 1048576K
}
Event: 6.210 GC heap before
{Heap before GC invocations=9 (full 0):
 garbage-first heap   total 129024K, used 70295K [0x0000000080000000, 0x0000000100000000)
  region size 1024K, 49 young (50176K), 4 survivors (4096K)
 Metaspace       used 38618K, capacity 39567K, committed 39884K, reserved 1083392K
  class space    used 4927K, capacity 5251K, committed 5324K, reserved 1048576K
}
Event: 6.219 GC heap after
{Heap after GC invocations=10 (full 0):
 garbage-first heap   total 155648K, used 26067K [0x0000000080000000, 0x0000000100000000)
  region size 1024K, 7 young (7168K), 7 survivors (7168K)
 Metaspace       used 38618K, capacity 39567K, committed 39884K, reserved 1083392K
  class space    used 4927K, capacity 5251K, committed 5324K, reserved 1048576K
}
Event: 7.143 GC heap before
{Heap before GC invocations=10 (full 0):
 garbage-first heap   total 155648K, used 84435K [0x0000000080000000, 0x0000000100000000)
  region size 1024K, 64 young (65536K), 7 survivors (7168K)
 Metaspace       used 43556K, capacity 44636K, committed 44876K, reserved 1087488K
  class space    used 5569K, capacity 5934K, committed 5964K, reserved 1048576K
}
Event: 7.151 GC heap after
{Heap after GC invocations=11 (full 0):
 garbage-first heap   total 155648K, used 28547K [0x0000000080000000, 0x0000000100000000)
  region size 1024K, 6 young (6144K), 6 survivors (6144K)
 Metaspace       used 43556K, capacity 44636K, committed 44876K, reserved 1087488K
  class space    used 5569K, capacity 5934K, committed 5964K, reserved 1048576K
}
Event: 8.734 GC heap before
{Heap before GC invocations=11 (full 0):
 garbage-first heap   total 155648K, used 91011K [0x0000000080000000, 0x0000000100000000)
  region size 1024K, 66 young (67584K), 6 survivors (6144K)
 Metaspace       used 46977K, capacity 48235K, committed 48460K, reserved 1091584K
  class space    used 6010K, capacity 6446K, committed 6476K, reserved 1048576K
}
Event: 8.743 GC heap after
{Heap after GC invocations=12 (full 0):
 garbage-first heap   total 155648K, used 37013K [0x0000000080000000, 0x0000000100000000)
  region size 1024K, 9 young (9216K), 9 survivors (9216K)
 Metaspace       used 46977K, capacity 48235K, committed 48460K, reserved 1091584K
  class space    used 6010K, capacity 6446K, committed 6476K, reserved 1048576K
}
Event: 9.802 GC heap before
{Heap before GC invocations=12 (full 0):
 garbage-first heap   total 155648K, used 100501K [0x0000000080000000, 0x0000000100000000)
  region size 1024K, 69 young (70656K), 9 survivors (9216K)
 Metaspace       used 54680K, capacity 56109K, committed 56396K, reserved 1097728K
  class space    used 6943K, capacity 7457K, committed 7500K, reserved 1048576K
}
Event: 9.812 GC heap after
{Heap after GC invocations=13 (full 0):
 garbage-first heap   total 155648K, used 43270K [0x0000000080000000, 0x0000000100000000)
  region size 1024K, 5 young (5120K), 5 survivors (5120K)
 Metaspace       used 54680K, capacity 56109K, committed 56396K, reserved 1097728K
  class space    used 6943K, capacity 7457K, committed 7500K, reserved 1048576K
}
Event: 10.225 GC heap before
{Heap before GC invocations=13 (full 0):
 garbage-first heap   total 155648K, used 66822K [0x0000000080000000, 0x0000000100000000)
  region size 1024K, 29 young (29696K), 5 survivors (5120K)
 Metaspace       used 58671K, capacity 60147K, committed 60236K, reserved 1101824K
  class space    used 7447K, capacity 7990K, committed 8012K, reserved 1048576K
}
Event: 10.233 GC heap after
{Heap after GC invocations=14 (full 0):
 garbage-first heap   total 155648K, used 44702K [0x0000000080000000, 0x0000000100000000)
  region size 1024K, 7 young (7168K), 7 survivors (7168K)
 Metaspace       used 58671K, capacity 60147K, committed 60236K, reserved 1101824K
  class space    used 7447K, capacity 7990K, committed 8012K, reserved 1048576K
}
Event: 11.409 GC heap before
{Heap before GC invocations=15 (full 0):
 garbage-first heap   total 155648K, used 105118K [0x0000000080000000, 0x0000000100000000)
  region size 1024K, 66 young (67584K), 7 survivors (7168K)
 Metaspace       used 63150K, capacity 64683K, committed 64972K, reserved 1105920K
  class space    used 8023K, capacity 8568K, committed 8652K, reserved 1048576K
}
Event: 11.423 GC heap after
{Heap after GC invocations=16 (full 0):
 garbage-first heap   total 155648K, used 48959K [0x0000000080000000, 0x0000000100000000)
  region size 1024K, 7 young (7168K), 7 survivors (7168K)
 Metaspace       used 63150K, capacity 64683K, committed 64972K, reserved 1105920K
  class space    used 8023K, capacity 8568K, committed 8652K, reserved 1048576K
}
Event: 12.379 GC heap before
{Heap before GC invocations=17 (full 0):
 garbage-first heap   total 155648K, used 110399K [0x0000000080000000, 0x0000000100000000)
  region size 1024K, 67 young (68608K), 7 survivors (7168K)
 Metaspace       used 67924K, capacity 69556K, committed 69580K, reserved 1110016K
  class space    used 8797K, capacity 9398K, committed 9420K, reserved 1048576K
}
Event: 12.388 GC heap after
{Heap after GC invocations=18 (full 0):
 garbage-first heap   total 155648K, used 54132K [0x0000000080000000, 0x0000000100000000)
  region size 1024K, 5 young (5120K), 5 survivors (5120K)
 Metaspace       used 67924K, capacity 69556K, committed 69580K, reserved 1110016K
  class space    used 8797K, capacity 9398K, committed 9420K, reserved 1048576K
}
Event: 13.456 GC heap before
{Heap before GC invocations=18 (full 0):
 garbage-first heap   total 155648K, used 114548K [0x0000000080000000, 0x0000000100000000)
  region size 1024K, 64 young (65536K), 5 survivors (5120K)
 Metaspace       used 70440K, capacity 72167K, committed 72268K, reserved 1112064K
  class space    used 9163K, capacity 9789K, committed 9804K, reserved 1048576K
}
Event: 13.469 GC heap after
{Heap after GC invocations=19 (full 0):
 garbage-first heap   total 155648K, used 58592K [0x0000000080000000, 0x0000000100000000)
  region size 1024K, 5 young (5120K), 5 survivors (5120K)
 Metaspace       used 70440K, capacity 72167K, committed 72268K, reserved 1112064K
  class space    used 9163K, capacity 9789K, committed 9804K, reserved 1048576K
}
Event: 15.095 GC heap before
{Heap before GC invocations=19 (full 0):
 garbage-first heap   total 155648K, used 117984K [0x0000000080000000, 0x0000000100000000)
  region size 1024K, 63 young (64512K), 5 survivors (5120K)
 Metaspace       used 76335K, capacity 78135K, committed 78284K, reserved 1116160K
  class space    used 9962K, capacity 10609K, committed 10700K, reserved 1048576K
}

