# JRE version: OpenJDK Runtime Environment (11.0.10) (build 11.0.10+0-b96-7249189)
# Java VM: OpenJDK 64-Bit Server VM (11.0.10+0-b96-7249189, mixed mode, tiered, compressed oops, g1 gc, windows-amd64)
Heap:
 garbage-first heap   total 155648K, used 108706K [0x0000000080000000, 0x0000000100000000)
  region size 1024K, 15 young (15360K), 8 survivors (8192K)
 Metaspace       used 82503K, capacity 84599K, committed 84812K, reserved 1122304K
  class space    used 10693K, capacity 11484K, committed 11596K, reserved 1048576K
GC Heap History (20 events):
Event: 5.336 GC heap before
{Heap before GC invocations=10 (full 0):
 garbage-first heap   total 129024K, used 81469K [0x0000000080000000, 0x0000000100000000)
  region size 1024K, 61 young (62464K), 8 survivors (8192K)
 Metaspace       used 43784K, capacity 44870K, committed 45004K, reserved 1087488K
  class space    used 5615K, capacity 5970K, committed 6092K, reserved 1048576K
}
Event: 5.346 GC heap after
{Heap after GC invocations=11 (full 0):
 garbage-first heap   total 155648K, used 29364K [0x0000000080000000, 0x0000000100000000)
  region size 1024K, 7 young (7168K), 7 survivors (7168K)
 Metaspace       used 43784K, capacity 44870K, committed 45004K, reserved 1087488K
  class space    used 5615K, capacity 5970K, committed 6092K, reserved 1048576K
}
Event: 6.583 GC heap before
{Heap before GC invocations=11 (full 0):
 garbage-first heap   total 155648K, used 101044K [0x0000000080000000, 0x0000000100000000)
  region size 1024K, 74 young (75776K), 7 survivors (7168K)
 Metaspace       used 47665K, capacity 48926K, committed 49100K, reserved 1091584K
  class space    used 6091K, capacity 6533K, committed 6604K, reserved 1048576K
}
Event: 6.590 GC heap after
{Heap after GC invocations=12 (full 0):
 garbage-first heap   total 155648K, used 41248K [0x0000000080000000, 0x0000000100000000)
  region size 1024K, 10 young (10240K), 10 survivors (10240K)
 Metaspace       used 47665K, capacity 48926K, committed 49100K, reserved 1091584K
  class space    used 6091K, capacity 6533K, committed 6604K, reserved 1048576K
}
Event: 7.534 GC heap before
{Heap before GC invocations=12 (full 0):
 garbage-first heap   total 155648K, used 110880K [0x0000000080000000, 0x0000000100000000)
  region size 1024K, 78 young (79872K), 10 survivors (10240K)
 Metaspace       used 57702K, capacity 59303K, committed 59468K, reserved 1101824K
  class space    used 7340K, capacity 7878K, committed 8012K, reserved 1048576K
}
Event: 7.541 GC heap after
{Heap after GC invocations=13 (full 0):
 garbage-first heap   total 155648K, used 44858K [0x0000000080000000, 0x0000000100000000)
  region size 1024K, 4 young (4096K), 4 survivors (4096K)
 Metaspace       used 57702K, capacity 59303K, committed 59468K, reserved 1101824K
  class space    used 7340K, capacity 7878K, committed 8012K, reserved 1048576K
}
Event: 7.621 GC heap before
{Heap before GC invocations=13 (full 0):
 garbage-first heap   total 155648K, used 48954K [0x0000000080000000, 0x0000000100000000)
  region size 1024K, 9 young (9216K), 4 survivors (4096K)
 Metaspace       used 58668K, capacity 60151K, committed 60236K, reserved 1101824K
  class space    used 7446K, capacity 7990K, committed 8012K, reserved 1048576K
}
Event: 7.626 GC heap after
{Heap after GC invocations=14 (full 0):
 garbage-first heap   total 155648K, used 45114K [0x0000000080000000, 0x0000000100000000)
  region size 1024K, 4 young (4096K), 4 survivors (4096K)
 Metaspace       used 58668K, capacity 60151K, committed 60236K, reserved 1101824K
  class space    used 7446K, capacity 7990K, committed 8012K, reserved 1048576K
}
Event: 8.527 GC heap before
{Heap before GC invocations=15 (full 0):
 garbage-first heap   total 155648K, used 114746K [0x0000000080000000, 0x0000000100000000)
  region size 1024K, 72 young (73728K), 4 survivors (4096K)
 Metaspace       used 63314K, capacity 64876K, committed 64972K, reserved 1105920K
  class space    used 8056K, capacity 8609K, committed 8652K, reserved 1048576K
}
Event: 8.542 GC heap after
{Heap after GC invocations=16 (full 0):
 garbage-first heap   total 155648K, used 50269K [0x0000000080000000, 0x0000000100000000)
  region size 1024K, 9 young (9216K), 9 survivors (9216K)
 Metaspace       used 63314K, capacity 64876K, committed 64972K, reserved 1105920K
  class space    used 8056K, capacity 8609K, committed 8652K, reserved 1048576K
}
Event: 10.279 GC heap before
{Heap before GC invocations=17 (full 0):
 garbage-first heap   total 155648K, used 118877K [0x0000000080000000, 0x0000000100000000)
  region size 1024K, 76 young (77824K), 9 survivors (9216K)
 Metaspace       used 68551K, capacity 70240K, committed 70476K, reserved 1110016K
  class space    used 8871K, capacity 9473K, committed 9548K, reserved 1048576K
}
Event: 10.288 GC heap after
{Heap after GC invocations=18 (full 0):
 garbage-first heap   total 155648K, used 55704K [0x0000000080000000, 0x0000000100000000)
  region size 1024K, 6 young (6144K), 6 survivors (6144K)
 Metaspace       used 68551K, capacity 70240K, committed 70476K, reserved 1110016K
  class space    used 8871K, capacity 9473K, committed 9548K, reserved 1048576K
}
Event: 11.166 GC heap before
{Heap before GC invocations=18 (full 0):
 garbage-first heap   total 155648K, used 121240K [0x0000000080000000, 0x0000000100000000)
  region size 1024K, 70 young (71680K), 6 survivors (6144K)
 Metaspace       used 72752K, capacity 74544K, committed 74700K, reserved 1114112K
  class space    used 9525K, capacity 10167K, committed 10188K, reserved 1048576K
}
Event: 11.173 GC heap after
{Heap after GC invocations=19 (full 0):
 garbage-first heap   total 155648K, used 59440K [0x0000000080000000, 0x0000000100000000)
  region size 1024K, 5 young (5120K), 5 survivors (5120K)
 Metaspace       used 72752K, capacity 74544K, committed 74700K, reserved 1114112K
  class space    used 9525K, capacity 10167K, committed 10188K, reserved 1048576K
}
Event: 12.277 GC heap before
{Heap before GC invocations=19 (full 0):
 garbage-first heap   total 155648K, used 122928K [0x0000000080000000, 0x0000000100000000)
  region size 1024K, 67 young (68608K), 5 survivors (5120K)
 Metaspace       used 78508K, capacity 80491K, committed 80716K, reserved 1118208K
  class space    used 10323K, capacity 11033K, committed 11084K, reserved 1048576K
}
Event: 12.287 GC heap after
{Heap after GC invocations=20 (full 0):
 garbage-first heap   total 155648K, used 64376K [0x0000000080000000, 0x0000000100000000)
  region size 1024K, 9 young (9216K), 9 survivors (9216K)
 Metaspace       used 78508K, capacity 80491K, committed 80716K, reserved 1118208K
  class space    used 10323K, capacity 11033K, committed 11084K, reserved 1048576K
}
Event: 13.160 GC heap before
{Heap before GC invocations=20 (full 0):
 garbage-first heap   total 155648K, used 123768K [0x0000000080000000, 0x0000000100000000)
  region size 1024K, 68 young (69632K), 9 survivors (9216K)
 Metaspace       used 79366K, capacity 81423K, committed 81612K, reserved 1120256K
  class space    used 10394K, capacity 11158K, committed 11212K, reserved 1048576K
}
Event: 13.173 GC heap after
{Heap after GC invocations=21 (full 0):
 garbage-first heap   total 155648K, used 68397K [0x0000000080000000, 0x0000000100000000)
  region size 1024K, 5 young (5120K), 5 survivors (5120K)
 Metaspace       used 79366K, capacity 81423K, committed 81612K, reserved 1120256K
  class space    used 10394K, capacity 11158K, committed 11212K, reserved 1048576K
}
Event: 14.037 GC heap before
{Heap before GC invocations=21 (full 0):
 garbage-first heap   total 155648K, used 121645K [0x0000000080000000, 0x0000000100000000)
  region size 1024K, 54 young (55296K), 5 survivors (5120K)
 Metaspace       used 81432K, capacity 83597K, committed 83660K, reserved 1122304K
  class space    used 10595K, capacity 11413K, committed 11468K, reserved 1048576K
}
Event: 14.112 GC heap after
{Heap after GC invocations=22 (full 0):
 garbage-first heap   total 155648K, used 89250K [0x0000000080000000, 0x0000000100000000)
  region size 1024K, 8 young (8192K), 8 survivors (8192K)
 Metaspace       used 81432K, capacity 83597K, committed 83660K, reserved 1122304K
  class space    used 10595K, capacity 11413K, committed 11468K, reserved 1048576K
}

